<?xml version="1.0" encoding="UTF-8"?>
<!-- Generated by org.testng.reporters.JUnitReportReporter -->
<testsuite hostname="Tushar" failures="0" tests="1" name="practice.Demoooooooooo" time="6.427" errors="0" timestamp="2024-09-21T22:10:45 IST" skipped="0">
  <testcase classname="practice.Demoooooooooo" name="clickonBooks" time="6.427"/>
  <system-out/>
</testsuite> <!-- practice.Demoooooooooo -->
