<?xml version="1.0" encoding="UTF-8"?>
<!-- Generated by org.testng.reporters.JUnitReportReporter -->
<testsuite hostname="Tushar" failures="0" tests="1" name="bikes.Splender" time="59.137" errors="0" timestamp="2024-07-19T16:51:30 IST" skipped="0">
  <testcase classname="bikes.Splender" name="launchSuzuki" time="59.137"/>
  <system-out>
    <![CDATA[Splender launched successfully]]>
  </system-out>
</testsuite> <!-- bikes.Splender -->
