<?xml version="1.0" encoding="UTF-8"?>
<!-- Generated by org.testng.reporters.JUnitReportReporter -->
<testsuite hostname="Tushar" failures="0" tests="1" name="assertion.LearnHardAssert" time="9.643" errors="0" timestamp="2024-07-24T16:30:41 IST" skipped="0">
  <testcase classname="assertion.LearnHardAssert" name="login" time="9.643"/>
  <system-out>
    <![CDATA[Login page is displayed
Home page is displayed]]>
  </system-out>
</testsuite> <!-- assertion.LearnHardAssert -->
