<?xml version="1.0" encoding="UTF-8"?>
<!-- Generated by org.testng.reporters.JUnitReportReporter -->
<testsuite hostname="Tushar" failures="0" tests="3" name="testng.FirstTestNg" time="4.604" errors="0" timestamp="2024-07-16T16:22:25 IST" skipped="0">
  <testcase classname="testng.FirstTestNg" name="sample" time="4.594"/>
  <system-out>
    <![CDATA[Welcome to advance selenium]]>
  </system-out>
  <testcase classname="testng.FirstTestNg" name="demo" time="0.009"/>
  <system-out>
    <![CDATA[demo test case]]>
  </system-out>
  <testcase classname="testng.FirstTestNg" name="test" time="0.001"/>
  <system-out>
    <![CDATA[test executed]]>
  </system-out>
</testsuite> <!-- testng.FirstTestNg -->
