<?xml version="1.0" encoding="UTF-8"?>
<!-- Generated by org.testng.reporters.JUnitReportReporter -->
<testsuite hostname="Tushar" failures="0" tests="1" name="shopperstack.AddToCartShopperStack" time="16.288" errors="0" timestamp="2024-07-23T14:59:03 IST" skipped="0">
  <testcase classname="shopperstack.AddToCartShopperStack" name="addToCart" time="16.288"/>
  <system-out/>
</testsuite> <!-- shopperstack.AddToCartShopperStack -->
