<?xml version="1.0" encoding="UTF-8"?>
<!-- Generated by org.testng.reporters.JUnitReportReporter -->
<testsuite hostname="Tushar" failures="0" tests="1" name="cars.Lamborghini" time="12.612" errors="0" timestamp="2024-07-19T15:50:03 IST" skipped="0">
  <testcase classname="cars.Lamborghini" name="launchLamborghini" time="12.612"/>
  <system-out>
    <![CDATA[Lamborghini launched successfully]]>
  </system-out>
</testsuite> <!-- cars.Lamborghini -->
