<?xml version="1.0" encoding="UTF-8"?>
<!-- Generated by org.testng.reporters.JUnitReportReporter -->
<testsuite hostname="Tushar" failures="0" tests="1" name="cars.Tata" time="3.358" errors="0" timestamp="2024-07-19T15:50:03 IST" skipped="0">
  <testcase classname="cars.Tata" name="launchTata" time="3.358"/>
  <system-out>
    <![CDATA[Tata launched successfully]]>
  </system-out>
</testsuite> <!-- cars.Tata -->
