<?xml version="1.0" encoding="UTF-8"?>
<!-- Generated by org.testng.reporters.JUnitReportReporter -->
<testsuite hostname="Tushar" failures="0" tests="1" name="assertion.LearnAssertion" time="5.928" errors="0" timestamp="2024-07-22T17:19:39 IST" skipped="0">
  <testcase classname="assertion.LearnAssertion" name="login" time="5.928"/>
  <system-out>
    <![CDATA[Login page is displayed
Home page is displayed]]>
  </system-out>
</testsuite> <!-- assertion.LearnAssertion -->
