<?xml version="1.0" encoding="UTF-8"?>
<!-- Generated by org.testng.reporters.JUnitReportReporter -->
<testsuite hostname="Tushar" failures="0" tests="2" name="crossbrowsertesting.CrossBrowserLaunch" time="13.532" errors="0" timestamp="2024-07-23T17:54:02 IST" skipped="0">
  <testcase classname="crossbrowsertesting.CrossBrowserLaunch" name="launch" time="8.141"/>
  <system-out/>
  <testcase classname="crossbrowsertesting.CrossBrowserLaunch" name="launch" time="5.391"/>
  <system-out/>
</testsuite> <!-- crossbrowsertesting.CrossBrowserLaunch -->
