<?xml version="1.0" encoding="UTF-8"?>
<!-- Generated by org.testng.reporters.JUnitReportReporter -->
<testsuite hostname="Tushar" failures="0" tests="1" name="practice.Demoooooooooooooooooooooooo" time="5.940" errors="0" timestamp="2024-07-23T17:50:40 IST" skipped="0">
  <testcase classname="practice.Demoooooooooooooooooooooooo" name="login" time="5.940"/>
  <system-out/>
</testsuite> <!-- practice.Demoooooooooooooooooooooooo -->
