<?xml version="1.0" encoding="UTF-8"?>
<!-- Generated by org.testng.reporters.JUnitReportReporter -->
<testsuite hostname="Tushar" failures="0" tests="2" name="dataprovider.Instragram" time="7.851" errors="0" timestamp="2024-07-23T15:18:24 IST" skipped="0">
  <testcase classname="dataprovider.Instragram" name="instaLogin" time="3.779"/>
  <system-out/>
  <testcase classname="dataprovider.Instragram" name="instaLogin" time="4.072"/>
  <system-out/>
</testsuite> <!-- dataprovider.Instragram -->
