<?xml version="1.0" encoding="UTF-8"?>
<!-- Generated by org.testng.reporters.JUnitReportReporter -->
<testsuite hostname="Tushar" failures="0" tests="4" name="dataprovider.LearnDataProvider" time="8.486" errors="0" timestamp="2024-07-22T15:55:22 IST" skipped="0">
  <testcase classname="dataprovider.LearnDataProvider" name="login" time="1.948"/>
  <system-out/>
  <testcase classname="dataprovider.LearnDataProvider" name="login" time="1.923"/>
  <system-out/>
  <testcase classname="dataprovider.LearnDataProvider" name="login" time="2.564"/>
  <system-out/>
  <testcase classname="dataprovider.LearnDataProvider" name="login" time="2.051"/>
  <system-out/>
</testsuite> <!-- dataprovider.LearnDataProvider -->
