<?xml version="1.0" encoding="UTF-8"?>
<!-- Generated by org.testng.reporters.JUnitReportReporter -->
<testsuite hostname="Tushar" failures="0" tests="2" name="testng.ConfigurationAnnotations" time="0.006" errors="0" timestamp="2024-07-20T16:10:37 IST" skipped="0">
  <testcase classname="testng.ConfigurationAnnotations" name="sample" time="0.001"/>
  <system-out>
    <![CDATA[@testSample id Executed------------]]>
  </system-out>
  <testcase classname="testng.ConfigurationAnnotations" name="demo" time="0.005"/>
  <system-out>
    <![CDATA[@testDemo id Executed------------]]>
  </system-out>
</testsuite> <!-- testng.ConfigurationAnnotations -->
