<?xml version="1.0" encoding="UTF-8"?>
<!-- Generated by org.testng.reporters.JUnitReportReporter -->
<testsuite hostname="Tushar" failures="0" tests="3" name="testng.DependsOnMethods" time="8.144" errors="0" timestamp="2024-07-17T16:15:33 IST" skipped="0">
  <testcase classname="testng.DependsOnMethods" name="register" time="4.082"/>
  <system-out>
    <![CDATA[Register page
register is successfull]]>
  </system-out>
  <testcase classname="testng.DependsOnMethods" name="login" time="4.062"/>
  <system-out>
    <![CDATA[Login page
login is successfull]]>
  </system-out>
  <testcase classname="testng.DependsOnMethods" name="addProduct" time="0.000"/>
  <system-out>
    <![CDATA[product added successfully]]>
  </system-out>
</testsuite> <!-- testng.DependsOnMethods -->
