<?xml version="1.0" encoding="UTF-8"?>
<!-- Generated by org.testng.reporters.JUnitReportReporter -->
<testsuite hostname="Tushar" failures="0" tests="1" name="cars.Mahindra" time="9.785" errors="0" timestamp="2024-07-19T15:50:03 IST" skipped="0">
  <testcase classname="cars.Mahindra" name="launchMahindra" time="9.785"/>
  <system-out>
    <![CDATA[Mahindra launched successfully]]>
  </system-out>
</testsuite> <!-- cars.Mahindra -->
