<?xml version="1.0" encoding="UTF-8"?>
<!-- Generated by org.testng.reporters.JUnitReportReporter -->
<testsuite hostname="Tushar" failures="0" tests="4" name="testng.AnnotationAttributes" time="13.924" errors="0" timestamp="2024-07-17T15:46:46 IST" skipped="1">
  <testcase classname="testng.AnnotationAttributes" name="login" time="4.598"/>
  <system-out>
    <![CDATA[Login page]]>
  </system-out>
  <testcase classname="testng.AnnotationAttributes" name="login" time="4.595"/>
  <system-out>
    <![CDATA[Login page]]>
  </system-out>
  <testcase classname="testng.AnnotationAttributes" name="login" time="4.731"/>
  <system-out>
    <![CDATA[Login page]]>
  </system-out>
  <testcase classname="testng.AnnotationAttributes" name="register">
    <skipped/>
  </testcase> <!-- register -->
  <system-out/>
</testsuite> <!-- testng.AnnotationAttributes -->
