<?xml version="1.0" encoding="UTF-8"?>
<!-- Generated by org.testng.reporters.JUnitReportReporter -->
<testsuite hostname="Tushar" failures="0" tests="3" name="testng.ClickOnBooksAndSort" time="13.528" errors="0" timestamp="2024-07-25T11:55:56 IST" skipped="0">
  <testcase classname="testng.ClickOnBooksAndSort" name="booksSort" time="4.707"/>
  <system-out>
    <![CDATA[Books page is displayed]]>
  </system-out>
  <testcase classname="testng.ClickOnBooksAndSort" name="booksSort" time="4.494"/>
  <system-out>
    <![CDATA[Books page is displayed]]>
  </system-out>
  <testcase classname="testng.ClickOnBooksAndSort" name="booksSort" time="4.327"/>
  <system-out>
    <![CDATA[Books page is displayed]]>
  </system-out>
</testsuite> <!-- testng.ClickOnBooksAndSort -->
